<?xml version="1.0" encoding="UTF-8"?>
<testsuite xmlns:xsi="http://www.w3.org/2001/XMLSchema-instance" xsi:noNamespaceSchemaLocation="https://maven.apache.org/surefire/maven-surefire-plugin/xsd/surefire-test-report-3.0.xsd" version="3.0" name="org.acme.GreetingResourceTest" time="18.263" tests="1" errors="0" skipped="0" failures="0">
  <properties>
    <property name="sun.desktop" value="windows"/>
    <property name="awt.toolkit" value="sun.awt.windows.WToolkit"/>
    <property name="java.specification.version" value="11"/>
    <property name="sun.cpu.isalist" value="amd64"/>
    <property name="test.url" value="http://localhost:8081"/>
    <property name="sun.jnu.encoding" value="Cp1252"/>
    <property name="java.class.path" value="C:\Users\Julian\Desktop\code-with-quarkus\target\test-classes;C:\Users\Julian\Desktop\code-with-quarkus\target\classes;C:\Users\Julian\.m2\repository\io\quarkus\quarkus-arc\2.11.2.Final\quarkus-arc-2.11.2.Final.jar;C:\Users\Julian\.m2\repository\io\quarkus\arc\arc\2.11.2.Final\arc-2.11.2.Final.jar;C:\Users\Julian\.m2\repository\jakarta\enterprise\jakarta.enterprise.cdi-api\2.0.2\jakarta.enterprise.cdi-api-2.0.2.jar;C:\Users\Julian\.m2\repository\jakarta\el\jakarta.el-api\3.0.3\jakarta.el-api-3.0.3.jar;C:\Users\Julian\.m2\repository\jakarta\interceptor\jakarta.interceptor-api\1.2.5\jakarta.interceptor-api-1.2.5.jar;C:\Users\Julian\.m2\repository\jakarta\annotation\jakarta.annotation-api\1.3.5\jakarta.annotation-api-1.3.5.jar;C:\Users\Julian\.m2\repository\jakarta\transaction\jakarta.transaction-api\1.3.3\jakarta.transaction-api-1.3.3.jar;C:\Users\Julian\.m2\repository\org\jboss\logging\jboss-logging\3.5.0.Final\jboss-logging-3.5.0.Final.jar;C:\Users\Julian\.m2\repository\io\quarkus\quarkus-core\2.11.2.Final\quarkus-core-2.11.2.Final.jar;C:\Users\Julian\.m2\repository\jakarta\inject\jakarta.inject-api\1.0\jakarta.inject-api-1.0.jar;C:\Users\Julian\.m2\repository\io\quarkus\quarkus-ide-launcher\2.11.2.Final\quarkus-ide-launcher-2.11.2.Final.jar;C:\Users\Julian\.m2\repository\io\quarkus\quarkus-development-mode-spi\2.11.2.Final\quarkus-development-mode-spi-2.11.2.Final.jar;C:\Users\Julian\.m2\repository\io\smallrye\config\smallrye-config\2.10.1\smallrye-config-2.10.1.jar;C:\Users\Julian\.m2\repository\io\smallrye\config\smallrye-config-core\2.10.1\smallrye-config-core-2.10.1.jar;C:\Users\Julian\.m2\repository\org\eclipse\microprofile\config\microprofile-config-api\2.0.1\microprofile-config-api-2.0.1.jar;C:\Users\Julian\.m2\repository\io\smallrye\common\smallrye-common-expression\1.13.0\smallrye-common-expression-1.13.0.jar;C:\Users\Julian\.m2\repository\io\smallrye\common\smallrye-common-function\1.13.0\smallrye-common-function-1.13.0.jar;C:\Users\Julian\.m2\repository\io\smallrye\common\smallrye-common-classloader\1.13.0\smallrye-common-classloader-1.13.0.jar;C:\Users\Julian\.m2\repository\io\smallrye\config\smallrye-config-common\2.10.1\smallrye-config-common-2.10.1.jar;C:\Users\Julian\.m2\repository\org\jboss\logmanager\jboss-logmanager-embedded\1.0.10\jboss-logmanager-embedded-1.0.10.jar;C:\Users\Julian\.m2\repository\org\jboss\logging\jboss-logging-annotations\2.2.1.Final\jboss-logging-annotations-2.2.1.Final.jar;C:\Users\Julian\.m2\repository\org\jboss\threads\jboss-threads\3.4.2.Final\jboss-threads-3.4.2.Final.jar;C:\Users\Julian\.m2\repository\org\slf4j\slf4j-api\1.7.36\slf4j-api-1.7.36.jar;C:\Users\Julian\.m2\repository\org\jboss\slf4j\slf4j-jboss-logmanager\1.1.0.Final\slf4j-jboss-logmanager-1.1.0.Final.jar;C:\Users\Julian\.m2\repository\org\graalvm\sdk\graal-sdk\22.1.0\graal-sdk-22.1.0.jar;C:\Users\Julian\.m2\repository\org\wildfly\common\wildfly-common\1.5.4.Final-format-001\wildfly-common-1.5.4.Final-format-001.jar;C:\Users\Julian\.m2\repository\io\quarkus\quarkus-bootstrap-runner\2.11.2.Final\quarkus-bootstrap-runner-2.11.2.Final.jar;C:\Users\Julian\.m2\repository\io\quarkus\quarkus-fs-util\0.0.9\quarkus-fs-util-0.0.9.jar;C:\Users\Julian\.m2\repository\org\eclipse\microprofile\context-propagation\microprofile-context-propagation-api\1.2\microprofile-context-propagation-api-1.2.jar;C:\Users\Julian\.m2\repository\io\quarkus\quarkus-resteasy\2.11.2.Final\quarkus-resteasy-2.11.2.Final.jar;C:\Users\Julian\.m2\repository\io\quarkus\quarkus-vertx-http\2.11.2.Final\quarkus-vertx-http-2.11.2.Final.jar;C:\Users\Julian\.m2\repository\io\quarkus\quarkus-security-runtime-spi\2.11.2.Final\quarkus-security-runtime-spi-2.11.2.Final.jar;C:\Users\Julian\.m2\repository\io\quarkus\quarkus-mutiny\2.11.2.Final\quarkus-mutiny-2.11.2.Final.jar;C:\Users\Julian\.m2\repository\io\smallrye\reactive\mutiny\1.6.0\mutiny-1.6.0.jar;C:\Users\Julian\.m2\repository\io\quarkus\quarkus-smallrye-context-propagation\2.11.2.Final\quarkus-smallrye-context-propagation-2.11.2.Final.jar;C:\Users\Julian\.m2\repository\io\smallrye\smallrye-context-propagation\1.2.2\smallrye-context-propagation-1.2.2.jar;C:\Users\Julian\.m2\repository\io\smallrye\smallrye-context-propagation-api\1.2.2\smallrye-context-propagation-api-1.2.2.jar;C:\Users\Julian\.m2\repository\io\smallrye\smallrye-context-propagation-storage\1.2.2\smallrye-context-propagation-storage-1.2.2.jar;C:\Users\Julian\.m2\repository\io\smallrye\reactive\mutiny-smallrye-context-propagation\1.6.0\mutiny-smallrye-context-propagation-1.6.0.jar;C:\Users\Julian\.m2\repository\io\smallrye\common\smallrye-common-vertx-context\1.13.0\smallrye-common-vertx-context-1.13.0.jar;C:\Users\Julian\.m2\repository\io\vertx\vertx-core\4.3.2\vertx-core-4.3.2.jar;C:\Users\Julian\.m2\repository\io\netty\netty-common\4.1.78.Final\netty-common-4.1.78.Final.jar;C:\Users\Julian\.m2\repository\io\netty\netty-buffer\4.1.78.Final\netty-buffer-4.1.78.Final.jar;C:\Users\Julian\.m2\repository\io\netty\netty-transport\4.1.78.Final\netty-transport-4.1.78.Final.jar;C:\Users\Julian\.m2\repository\io\netty\netty-handler\4.1.78.Final\netty-handler-4.1.78.Final.jar;C:\Users\Julian\.m2\repository\io\netty\netty-transport-native-unix-common\4.1.78.Final\netty-transport-native-unix-common-4.1.78.Final.jar;C:\Users\Julian\.m2\repository\io\netty\netty-handler-proxy\4.1.78.Final\netty-handler-proxy-4.1.78.Final.jar;C:\Users\Julian\.m2\repository\io\netty\netty-codec-socks\4.1.78.Final\netty-codec-socks-4.1.78.Final.jar;C:\Users\Julian\.m2\repository\io\netty\netty-codec-http\4.1.78.Final\netty-codec-http-4.1.78.Final.jar;C:\Users\Julian\.m2\repository\io\netty\netty-codec-http2\4.1.78.Final\netty-codec-http2-4.1.78.Final.jar;C:\Users\Julian\.m2\repository\io\netty\netty-resolver\4.1.78.Final\netty-resolver-4.1.78.Final.jar;C:\Users\Julian\.m2\repository\io\netty\netty-resolver-dns\4.1.78.Final\netty-resolver-dns-4.1.78.Final.jar;C:\Users\Julian\.m2\repository\io\netty\netty-codec-dns\4.1.78.Final\netty-codec-dns-4.1.78.Final.jar;C:\Users\Julian\.m2\repository\io\smallrye\common\smallrye-common-constraint\1.13.0\smallrye-common-constraint-1.13.0.jar;C:\Users\Julian\.m2\repository\io\quarkus\quarkus-vertx-http-dev-console-runtime-spi\2.11.2.Final\quarkus-vertx-http-dev-console-runtime-spi-2.11.2.Final.jar;C:\Users\Julian\.m2\repository\io\quarkus\security\quarkus-security\1.1.4.Final\quarkus-security-1.1.4.Final.jar;C:\Users\Julian\.m2\repository\io\quarkus\quarkus-vertx\2.11.2.Final\quarkus-vertx-2.11.2.Final.jar;C:\Users\Julian\.m2\repository\io\quarkus\quarkus-netty\2.11.2.Final\quarkus-netty-2.11.2.Final.jar;C:\Users\Julian\.m2\repository\io\netty\netty-codec\4.1.78.Final\netty-codec-4.1.78.Final.jar;C:\Users\Julian\.m2\repository\com\aayushatharva\brotli4j\brotli4j\1.7.1\brotli4j-1.7.1.jar;C:\Users\Julian\.m2\repository\com\aayushatharva\brotli4j\native-windows-x86_64\1.7.1\native-windows-x86_64-1.7.1.jar;C:\Users\Julian\.m2\repository\io\netty\netty-codec-haproxy\4.1.78.Final\netty-codec-haproxy-4.1.78.Final.jar;C:\Users\Julian\.m2\repository\io\smallrye\common\smallrye-common-annotation\1.13.0\smallrye-common-annotation-1.13.0.jar;C:\Users\Julian\.m2\repository\io\quarkus\quarkus-vertx-latebound-mdc-provider\2.11.2.Final\quarkus-vertx-latebound-mdc-provider-2.11.2.Final.jar;C:\Users\Julian\.m2\repository\io\smallrye\reactive\smallrye-mutiny-vertx-core\2.24.1\smallrye-mutiny-vertx-core-2.24.1.jar;C:\Users\Julian\.m2\repository\io\smallrye\reactive\smallrye-mutiny-vertx-runtime\2.24.1\smallrye-mutiny-vertx-runtime-2.24.1.jar;C:\Users\Julian\.m2\repository\io\smallrye\reactive\vertx-mutiny-generator\2.24.1\vertx-mutiny-generator-2.24.1.jar;C:\Users\Julian\.m2\repository\io\vertx\vertx-codegen\4.3.2\vertx-codegen-4.3.2.jar;C:\Users\Julian\.m2\repository\io\smallrye\smallrye-fault-tolerance-vertx\5.5.0\smallrye-fault-tolerance-vertx-5.5.0.jar;C:\Users\Julian\.m2\repository\io\smallrye\reactive\smallrye-mutiny-vertx-web\2.24.1\smallrye-mutiny-vertx-web-2.24.1.jar;C:\Users\Julian\.m2\repository\io\smallrye\reactive\smallrye-mutiny-vertx-web-common\2.24.1\smallrye-mutiny-vertx-web-common-2.24.1.jar;C:\Users\Julian\.m2\repository\io\smallrye\reactive\smallrye-mutiny-vertx-auth-common\2.24.1\smallrye-mutiny-vertx-auth-common-2.24.1.jar;C:\Users\Julian\.m2\repository\io\smallrye\reactive\smallrye-mutiny-vertx-bridge-common\2.24.1\smallrye-mutiny-vertx-bridge-common-2.24.1.jar;C:\Users\Julian\.m2\repository\io\smallrye\reactive\smallrye-mutiny-vertx-uri-template\2.24.1\smallrye-mutiny-vertx-uri-template-2.24.1.jar;C:\Users\Julian\.m2\repository\io\vertx\vertx-uri-template\4.3.2\vertx-uri-template-4.3.2.jar;C:\Users\Julian\.m2\repository\io\vertx\vertx-web\4.3.2\vertx-web-4.3.2.jar;C:\Users\Julian\.m2\repository\io\vertx\vertx-web-common\4.3.2\vertx-web-common-4.3.2.jar;C:\Users\Julian\.m2\repository\io\vertx\vertx-auth-common\4.3.2\vertx-auth-common-4.3.2.jar;C:\Users\Julian\.m2\repository\io\vertx\vertx-bridge-common\4.3.2\vertx-bridge-common-4.3.2.jar;C:\Users\Julian\.m2\repository\io\github\crac\org-crac\0.1.1\org-crac-0.1.1.jar;C:\Users\Julian\.m2\repository\io\quarkus\quarkus-resteasy-server-common\2.11.2.Final\quarkus-resteasy-server-common-2.11.2.Final.jar;C:\Users\Julian\.m2\repository\io\quarkus\quarkus-resteasy-common\2.11.2.Final\quarkus-resteasy-common-2.11.2.Final.jar;C:\Users\Julian\.m2\repository\org\jboss\resteasy\resteasy-core\4.7.5.Final\resteasy-core-4.7.5.Final.jar;C:\Users\Julian\.m2\repository\org\jboss\spec\javax\ws\rs\jboss-jaxrs-api_2.1_spec\2.0.1.Final\jboss-jaxrs-api_2.1_spec-2.0.1.Final.jar;C:\Users\Julian\.m2\repository\org\jboss\resteasy\resteasy-core-spi\4.7.5.Final\resteasy-core-spi-4.7.5.Final.jar;C:\Users\Julian\.m2\repository\com\ibm\async\asyncutil\0.1.0\asyncutil-0.1.0.jar;C:\Users\Julian\.m2\repository\com\sun\activation\jakarta.activation\1.2.1\jakarta.activation-1.2.1.jar;C:\Users\Julian\.m2\repository\jakarta\validation\jakarta.validation-api\2.0.2\jakarta.validation-api-2.0.2.jar;C:\Users\Julian\.m2\repository\io\quarkus\quarkus-agroal\2.11.2.Final\quarkus-agroal-2.11.2.Final.jar;C:\Users\Julian\.m2\repository\io\quarkus\quarkus-datasource\2.11.2.Final\quarkus-datasource-2.11.2.Final.jar;C:\Users\Julian\.m2\repository\io\quarkus\quarkus-datasource-common\2.11.2.Final\quarkus-datasource-common-2.11.2.Final.jar;C:\Users\Julian\.m2\repository\io\quarkus\quarkus-narayana-jta\2.11.2.Final\quarkus-narayana-jta-2.11.2.Final.jar;C:\Users\Julian\.m2\repository\io\quarkus\quarkus-transaction-annotations\2.11.2.Final\quarkus-transaction-annotations-2.11.2.Final.jar;C:\Users\Julian\.m2\repository\io\smallrye\smallrye-context-propagation-jta\1.2.2\smallrye-context-propagation-jta-1.2.2.jar;C:\Users\Julian\.m2\repository\io\smallrye\reactive\smallrye-reactive-converter-api\2.7.0\smallrye-reactive-converter-api-2.7.0.jar;C:\Users\Julian\.m2\repository\org\reactivestreams\reactive-streams\1.0.3\reactive-streams-1.0.3.jar;C:\Users\Julian\.m2\repository\io\smallrye\reactive\smallrye-reactive-converter-mutiny\2.7.0\smallrye-reactive-converter-mutiny-2.7.0.jar;C:\Users\Julian\.m2\repository\org\jboss\narayana\jta\narayana-jta\5.12.6.Final\narayana-jta-5.12.6.Final.jar;C:\Users\Julian\.m2\repository\org\jboss\spec\javax\resource\jboss-connector-api_1.7_spec\1.0.0.Final\jboss-connector-api_1.7_spec-1.0.0.Final.jar;C:\Users\Julian\.m2\repository\org\jboss\narayana\jts\narayana-jts-integration\5.12.6.Final\narayana-jts-integration-5.12.6.Final.jar;C:\Users\Julian\.m2\repository\io\agroal\agroal-api\1.16\agroal-api-1.16.jar;C:\Users\Julian\.m2\repository\io\agroal\agroal-narayana\1.16\agroal-narayana-1.16.jar;C:\Users\Julian\.m2\repository\org\jboss\jboss-transaction-spi\7.6.0.Final\jboss-transaction-spi-7.6.0.Final.jar;C:\Users\Julian\.m2\repository\io\agroal\agroal-pool\1.16\agroal-pool-1.16.jar;C:\Users\Julian\.m2\repository\io\quarkus\quarkus-credentials\2.11.2.Final\quarkus-credentials-2.11.2.Final.jar;C:\Users\Julian\.m2\repository\io\quarkus\quarkus-hibernate-orm-panache\2.11.2.Final\quarkus-hibernate-orm-panache-2.11.2.Final.jar;C:\Users\Julian\.m2\repository\io\quarkus\quarkus-hibernate-orm\2.11.2.Final\quarkus-hibernate-orm-2.11.2.Final.jar;C:\Users\Julian\.m2\repository\org\hibernate\hibernate-core\5.6.10.Final\hibernate-core-5.6.10.Final.jar;C:\Users\Julian\.m2\repository\net\bytebuddy\byte-buddy\1.12.9\byte-buddy-1.12.9.jar;C:\Users\Julian\.m2\repository\antlr\antlr\2.7.7\antlr-2.7.7.jar;C:\Users\Julian\.m2\repository\com\fasterxml\classmate\1.5.1\classmate-1.5.1.jar;C:\Users\Julian\.m2\repository\org\hibernate\common\hibernate-commons-annotations\5.1.2.Final\hibernate-commons-annotations-5.1.2.Final.jar;C:\Users\Julian\.m2\repository\org\hibernate\hibernate-graalvm\5.6.10.Final\hibernate-graalvm-5.6.10.Final.jar;C:\Users\Julian\.m2\repository\org\glassfish\jaxb\jaxb-runtime\2.3.3-b02\jaxb-runtime-2.3.3-b02.jar;C:\Users\Julian\.m2\repository\org\glassfish\jaxb\txw2\2.3.3-b02\txw2-2.3.3-b02.jar;C:\Users\Julian\.m2\repository\com\sun\istack\istack-commons-runtime\3.0.10\istack-commons-runtime-3.0.10.jar;C:\Users\Julian\.m2\repository\jakarta\persistence\jakarta.persistence-api\2.2.3\jakarta.persistence-api-2.2.3.jar;C:\Users\Julian\.m2\repository\org\hibernate\quarkus-local-cache\0.1.1\quarkus-local-cache-0.1.1.jar;C:\Users\Julian\.m2\repository\io\quarkus\quarkus-caffeine\2.11.2.Final\quarkus-caffeine-2.11.2.Final.jar;C:\Users\Julian\.m2\repository\com\github\ben-manes\caffeine\caffeine\2.9.3\caffeine-2.9.3.jar;C:\Users\Julian\.m2\repository\com\google\errorprone\error_prone_annotations\2.14.0\error_prone_annotations-2.14.0.jar;C:\Users\Julian\.m2\repository\io\quarkus\quarkus-hibernate-orm-panache-common\2.11.2.Final\quarkus-hibernate-orm-panache-common-2.11.2.Final.jar;C:\Users\Julian\.m2\repository\io\quarkus\quarkus-panache-hibernate-common\2.11.2.Final\quarkus-panache-hibernate-common-2.11.2.Final.jar;C:\Users\Julian\.m2\repository\io\quarkus\quarkus-panache-common\2.11.2.Final\quarkus-panache-common-2.11.2.Final.jar;C:\Users\Julian\.m2\repository\io\quarkus\quarkus-jdbc-postgresql\2.11.2.Final\quarkus-jdbc-postgresql-2.11.2.Final.jar;C:\Users\Julian\.m2\repository\org\postgresql\postgresql\42.4.0\postgresql-42.4.0.jar;C:\Users\Julian\.m2\repository\io\quarkus\quarkus-resteasy-jackson\2.11.2.Final\quarkus-resteasy-jackson-2.11.2.Final.jar;C:\Users\Julian\.m2\repository\io\quarkus\quarkus-jackson\2.11.2.Final\quarkus-jackson-2.11.2.Final.jar;C:\Users\Julian\.m2\repository\com\fasterxml\jackson\core\jackson-databind\2.13.3\jackson-databind-2.13.3.jar;C:\Users\Julian\.m2\repository\com\fasterxml\jackson\datatype\jackson-datatype-jsr310\2.13.3\jackson-datatype-jsr310-2.13.3.jar;C:\Users\Julian\.m2\repository\com\fasterxml\jackson\datatype\jackson-datatype-jdk8\2.13.3\jackson-datatype-jdk8-2.13.3.jar;C:\Users\Julian\.m2\repository\com\fasterxml\jackson\module\jackson-module-parameter-names\2.13.3\jackson-module-parameter-names-2.13.3.jar;C:\Users\Julian\.m2\repository\org\jboss\resteasy\resteasy-jackson2-provider\4.7.5.Final\resteasy-jackson2-provider-4.7.5.Final.jar;C:\Users\Julian\.m2\repository\com\fasterxml\jackson\core\jackson-core\2.13.3\jackson-core-2.13.3.jar;C:\Users\Julian\.m2\repository\com\fasterxml\jackson\core\jackson-annotations\2.13.3\jackson-annotations-2.13.3.jar;C:\Users\Julian\.m2\repository\com\fasterxml\jackson\jaxrs\jackson-jaxrs-json-provider\2.13.3\jackson-jaxrs-json-provider-2.13.3.jar;C:\Users\Julian\.m2\repository\com\fasterxml\jackson\jaxrs\jackson-jaxrs-base\2.13.3\jackson-jaxrs-base-2.13.3.jar;C:\Users\Julian\.m2\repository\com\fasterxml\jackson\module\jackson-module-jaxb-annotations\2.13.3\jackson-module-jaxb-annotations-2.13.3.jar;C:\Users\Julian\.m2\repository\com\github\java-json-tools\json-patch\1.13\json-patch-1.13.jar;C:\Users\Julian\.m2\repository\com\github\java-json-tools\msg-simple\1.2\msg-simple-1.2.jar;C:\Users\Julian\.m2\repository\com\github\java-json-tools\btf\1.3\btf-1.3.jar;C:\Users\Julian\.m2\repository\com\github\java-json-tools\jackson-coreutils\2.0\jackson-coreutils-2.0.jar;C:\Users\Julian\.m2\repository\org\jboss\spec\javax\xml\bind\jboss-jaxb-api_2.3_spec\2.0.0.Final\jboss-jaxb-api_2.3_spec-2.0.0.Final.jar;C:\Users\Julian\.m2\repository\io\quarkus\quarkus-junit5\2.11.2.Final\quarkus-junit5-2.11.2.Final.jar;C:\Users\Julian\.m2\repository\io\quarkus\quarkus-bootstrap-core\2.11.2.Final\quarkus-bootstrap-core-2.11.2.Final.jar;C:\Users\Julian\.m2\repository\io\quarkus\quarkus-bootstrap-app-model\2.11.2.Final\quarkus-bootstrap-app-model-2.11.2.Final.jar;C:\Users\Julian\.m2\repository\io\quarkus\quarkus-bootstrap-maven-resolver\2.11.2.Final\quarkus-bootstrap-maven-resolver-2.11.2.Final.jar;C:\Users\Julian\.m2\repository\org\apache\maven\maven-embedder\3.8.6\maven-embedder-3.8.6.jar;C:\Users\Julian\.m2\repository\org\apache\maven\maven-settings\3.8.6\maven-settings-3.8.6.jar;C:\Users\Julian\.m2\repository\org\apache\maven\maven-core\3.8.6\maven-core-3.8.6.jar;C:\Users\Julian\.m2\repository\org\apache\maven\maven-artifact\3.8.6\maven-artifact-3.8.6.jar;C:\Users\Julian\.m2\repository\org\codehaus\plexus\plexus-component-annotations\2.1.0\plexus-component-annotations-2.1.0.jar;C:\Users\Julian\.m2\repository\org\apache\maven\maven-plugin-api\3.8.6\maven-plugin-api-3.8.6.jar;C:\Users\Julian\.m2\repository\org\apache\maven\maven-model\3.8.6\maven-model-3.8.6.jar;C:\Users\Julian\.m2\repository\org\apache\maven\maven-model-builder\3.8.6\maven-model-builder-3.8.6.jar;C:\Users\Julian\.m2\repository\org\apache\maven\maven-builder-support\3.8.6\maven-builder-support-3.8.6.jar;C:\Users\Julian\.m2\repository\org\apache\maven\resolver\maven-resolver-api\1.6.3\maven-resolver-api-1.6.3.jar;C:\Users\Julian\.m2\repository\org\apache\maven\resolver\maven-resolver-util\1.6.3\maven-resolver-util-1.6.3.jar;C:\Users\Julian\.m2\repository\org\apache\maven\shared\maven-shared-utils\3.3.4\maven-shared-utils-3.3.4.jar;C:\Users\Julian\.m2\repository\commons-io\commons-io\2.11.0\commons-io-2.11.0.jar;C:\Users\Julian\.m2\repository\com\google\inject\guice\4.2.2\guice-4.2.2-no_aop.jar;C:\Users\Julian\.m2\repository\com\google\guava\guava\31.1-jre\guava-31.1-jre.jar;C:\Users\Julian\.m2\repository\com\google\guava\failureaccess\1.0.1\failureaccess-1.0.1.jar;C:\Users\Julian\.m2\repository\org\codehaus\plexus\plexus-classworlds\2.6.0\plexus-classworlds-2.6.0.jar;C:\Users\Julian\.m2\repository\org\codehaus\plexus\plexus-sec-dispatcher\2.0\plexus-sec-dispatcher-2.0.jar;C:\Users\Julian\.m2\repository\org\codehaus\plexus\plexus-cipher\2.0\plexus-cipher-2.0.jar;C:\Users\Julian\.m2\repository\commons-cli\commons-cli\1.4\commons-cli-1.4.jar;C:\Users\Julian\.m2\repository\org\eclipse\sisu\org.eclipse.sisu.plexus\0.3.5\org.eclipse.sisu.plexus-0.3.5.jar;C:\Users\Julian\.m2\repository\org\apache\maven\maven-settings-builder\3.8.6\maven-settings-builder-3.8.6.jar;C:\Users\Julian\.m2\repository\org\codehaus\plexus\plexus-interpolation\1.26\plexus-interpolation-1.26.jar;C:\Users\Julian\.m2\repository\org\apache\maven\maven-resolver-provider\3.8.6\maven-resolver-provider-3.8.6.jar;C:\Users\Julian\.m2\repository\org\apache\maven\maven-repository-metadata\3.8.6\maven-repository-metadata-3.8.6.jar;C:\Users\Julian\.m2\repository\org\apache\maven\resolver\maven-resolver-spi\1.6.3\maven-resolver-spi-1.6.3.jar;C:\Users\Julian\.m2\repository\org\apache\maven\resolver\maven-resolver-impl\1.6.3\maven-resolver-impl-1.6.3.jar;C:\Users\Julian\.m2\repository\org\codehaus\plexus\plexus-utils\3.3.0\plexus-utils-3.3.0.jar;C:\Users\Julian\.m2\repository\org\apache\maven\resolver\maven-resolver-connector-basic\1.6.3\maven-resolver-connector-basic-1.6.3.jar;C:\Users\Julian\.m2\repository\org\apache\maven\resolver\maven-resolver-transport-wagon\1.6.3\maven-resolver-transport-wagon-1.6.3.jar;C:\Users\Julian\.m2\repository\org\apache\maven\wagon\wagon-http\3.5.1\wagon-http-3.5.1.jar;C:\Users\Julian\.m2\repository\org\apache\maven\wagon\wagon-http-shared\3.5.1\wagon-http-shared-3.5.1.jar;C:\Users\Julian\.m2\repository\org\apache\maven\wagon\wagon-provider-api\3.5.1\wagon-provider-api-3.5.1.jar;C:\Users\Julian\.m2\repository\org\apache\maven\wagon\wagon-file\3.5.1\wagon-file-3.5.1.jar;C:\Users\Julian\.m2\repository\io\quarkus\quarkus-bootstrap-gradle-resolver\2.11.2.Final\quarkus-bootstrap-gradle-resolver-2.11.2.Final.jar;C:\Users\Julian\.m2\repository\io\smallrye\common\smallrye-common-io\1.13.0\smallrye-common-io-1.13.0.jar;C:\Users\Julian\.m2\repository\org\eclipse\sisu\org.eclipse.sisu.inject\0.3.5\org.eclipse.sisu.inject-0.3.5.jar;C:\Users\Julian\.m2\repository\io\quarkus\quarkus-test-common\2.11.2.Final\quarkus-test-common-2.11.2.Final.jar;C:\Users\Julian\.m2\repository\io\quarkus\quarkus-core-deployment\2.11.2.Final\quarkus-core-deployment-2.11.2.Final.jar;C:\Users\Julian\.m2\repository\org\aesh\readline\2.2\readline-2.2.jar;C:\Users\Julian\.m2\repository\org\fusesource\jansi\jansi\1.18\jansi-1.18.jar;C:\Users\Julian\.m2\repository\org\aesh\aesh\2.6\aesh-2.6.jar;C:\Users\Julian\.m2\repository\io\quarkus\gizmo\gizmo\1.0.11.Final\gizmo-1.0.11.Final.jar;C:\Users\Julian\.m2\repository\org\ow2\asm\asm-util\9.3\asm-util-9.3.jar;C:\Users\Julian\.m2\repository\org\ow2\asm\asm\9.3\asm-9.3.jar;C:\Users\Julian\.m2\repository\org\ow2\asm\asm-commons\9.3\asm-commons-9.3.jar;C:\Users\Julian\.m2\repository\org\ow2\asm\asm-tree\9.3\asm-tree-9.3.jar;C:\Users\Julian\.m2\repository\org\ow2\asm\asm-analysis\9.3\asm-analysis-9.3.jar;C:\Users\Julian\.m2\repository\io\quarkus\quarkus-class-change-agent\2.11.2.Final\quarkus-class-change-agent-2.11.2.Final.jar;C:\Users\Julian\.m2\repository\io\quarkus\quarkus-devtools-utilities\2.11.2.Final\quarkus-devtools-utilities-2.11.2.Final.jar;C:\Users\Julian\.m2\repository\io\quarkus\quarkus-builder\2.11.2.Final\quarkus-builder-2.11.2.Final.jar;C:\Users\Julian\.m2\repository\org\junit\platform\junit-platform-launcher\1.8.2\junit-platform-launcher-1.8.2.jar;C:\Users\Julian\.m2\repository\org\jboss\jandex\2.4.3.Final\jandex-2.4.3.Final.jar;C:\Users\Julian\.m2\repository\org\jboss\logging\commons-logging-jboss-logging\1.0.0.Final\commons-logging-jboss-logging-1.0.0.Final.jar;C:\Users\Julian\.m2\repository\io\quarkus\quarkus-junit5-properties\2.11.2.Final\quarkus-junit5-properties-2.11.2.Final.jar;C:\Users\Julian\.m2\repository\org\junit\jupiter\junit-jupiter\5.8.2\junit-jupiter-5.8.2.jar;C:\Users\Julian\.m2\repository\org\junit\jupiter\junit-jupiter-api\5.8.2\junit-jupiter-api-5.8.2.jar;C:\Users\Julian\.m2\repository\org\opentest4j\opentest4j\1.2.0\opentest4j-1.2.0.jar;C:\Users\Julian\.m2\repository\org\junit\platform\junit-platform-commons\1.8.2\junit-platform-commons-1.8.2.jar;C:\Users\Julian\.m2\repository\org\apiguardian\apiguardian-api\1.1.2\apiguardian-api-1.1.2.jar;C:\Users\Julian\.m2\repository\org\junit\jupiter\junit-jupiter-params\5.8.2\junit-jupiter-params-5.8.2.jar;C:\Users\Julian\.m2\repository\org\junit\jupiter\junit-jupiter-engine\5.8.2\junit-jupiter-engine-5.8.2.jar;C:\Users\Julian\.m2\repository\org\junit\platform\junit-platform-engine\1.8.2\junit-platform-engine-1.8.2.jar;C:\Users\Julian\.m2\repository\com\thoughtworks\xstream\xstream\1.4.19\xstream-1.4.19.jar;C:\Users\Julian\.m2\repository\io\github\x-stream\mxparser\1.2.2\mxparser-1.2.2.jar;C:\Users\Julian\.m2\repository\xmlpull\xmlpull\1.1.3.1\xmlpull-1.1.3.1.jar;C:\Users\Julian\.m2\repository\io\rest-assured\rest-assured\4.5.1\rest-assured-4.5.1.jar;C:\Users\Julian\.m2\repository\org\codehaus\groovy\groovy\3.0.9\groovy-3.0.9.jar;C:\Users\Julian\.m2\repository\org\codehaus\groovy\groovy-xml\3.0.9\groovy-xml-3.0.9.jar;C:\Users\Julian\.m2\repository\org\apache\httpcomponents\httpclient\4.5.13\httpclient-4.5.13.jar;C:\Users\Julian\.m2\repository\org\apache\httpcomponents\httpcore\4.4.15\httpcore-4.4.15.jar;C:\Users\Julian\.m2\repository\commons-codec\commons-codec\1.15\commons-codec-1.15.jar;C:\Users\Julian\.m2\repository\org\apache\httpcomponents\httpmime\4.5.13\httpmime-4.5.13.jar;C:\Users\Julian\.m2\repository\org\hamcrest\hamcrest\2.1\hamcrest-2.1.jar;C:\Users\Julian\.m2\repository\org\ccil\cowan\tagsoup\tagsoup\1.2.1\tagsoup-1.2.1.jar;C:\Users\Julian\.m2\repository\io\rest-assured\json-path\4.5.1\json-path-4.5.1.jar;C:\Users\Julian\.m2\repository\org\codehaus\groovy\groovy-json\3.0.9\groovy-json-3.0.9.jar;C:\Users\Julian\.m2\repository\io\rest-assured\rest-assured-common\4.5.1\rest-assured-common-4.5.1.jar;C:\Users\Julian\.m2\repository\io\rest-assured\xml-path\4.5.1\xml-path-4.5.1.jar;C:\Users\Julian\.m2\repository\org\apache\commons\commons-lang3\3.12.0\commons-lang3-3.12.0.jar;"/>
    <property name="java.vm.vendor" value="Oracle Corporation"/>
    <property name="sun.arch.data.model" value="64"/>
    <property name="user.variant" value=""/>
    <property name="java.vendor.url" value="https://openjdk.java.net/"/>
    <property name="user.timezone" value="America/Bogota"/>
    <property name="java.vm.specification.version" value="11"/>
    <property name="os.name" value="Windows 11"/>
    <property name="sun.java.launcher" value="SUN_STANDARD"/>
    <property name="user.country" value="CO"/>
    <property name="sun.boot.library.path" value="C:\Program Files\Java\jdk-11.0.15\bin"/>
    <property name="sun.java.command" value="C:\Users\Julian\AppData\Local\Temp\surefire3225495723119820062\surefirebooter-20220814201212971_3.jar C:\Users\Julian\AppData\Local\Temp\surefire3225495723119820062 2022-08-14T20-12-08_340-jvmRun1 surefire-20220814201212971_1tmp surefire_0-20220814201212971_2tmp"/>
    <property name="jdk.debug" value="release"/>
    <property name="maven.home" value="C:\Program Files\apache-maven-3.8.2"/>
    <property name="surefire.test.class.path" value="C:\Users\Julian\Desktop\code-with-quarkus\target\test-classes;C:\Users\Julian\Desktop\code-with-quarkus\target\classes;C:\Users\Julian\.m2\repository\io\quarkus\quarkus-arc\2.11.2.Final\quarkus-arc-2.11.2.Final.jar;C:\Users\Julian\.m2\repository\io\quarkus\arc\arc\2.11.2.Final\arc-2.11.2.Final.jar;C:\Users\Julian\.m2\repository\jakarta\enterprise\jakarta.enterprise.cdi-api\2.0.2\jakarta.enterprise.cdi-api-2.0.2.jar;C:\Users\Julian\.m2\repository\jakarta\el\jakarta.el-api\3.0.3\jakarta.el-api-3.0.3.jar;C:\Users\Julian\.m2\repository\jakarta\interceptor\jakarta.interceptor-api\1.2.5\jakarta.interceptor-api-1.2.5.jar;C:\Users\Julian\.m2\repository\jakarta\annotation\jakarta.annotation-api\1.3.5\jakarta.annotation-api-1.3.5.jar;C:\Users\Julian\.m2\repository\jakarta\transaction\jakarta.transaction-api\1.3.3\jakarta.transaction-api-1.3.3.jar;C:\Users\Julian\.m2\repository\org\jboss\logging\jboss-logging\3.5.0.Final\jboss-logging-3.5.0.Final.jar;C:\Users\Julian\.m2\repository\io\quarkus\quarkus-core\2.11.2.Final\quarkus-core-2.11.2.Final.jar;C:\Users\Julian\.m2\repository\jakarta\inject\jakarta.inject-api\1.0\jakarta.inject-api-1.0.jar;C:\Users\Julian\.m2\repository\io\quarkus\quarkus-ide-launcher\2.11.2.Final\quarkus-ide-launcher-2.11.2.Final.jar;C:\Users\Julian\.m2\repository\io\quarkus\quarkus-development-mode-spi\2.11.2.Final\quarkus-development-mode-spi-2.11.2.Final.jar;C:\Users\Julian\.m2\repository\io\smallrye\config\smallrye-config\2.10.1\smallrye-config-2.10.1.jar;C:\Users\Julian\.m2\repository\io\smallrye\config\smallrye-config-core\2.10.1\smallrye-config-core-2.10.1.jar;C:\Users\Julian\.m2\repository\org\eclipse\microprofile\config\microprofile-config-api\2.0.1\microprofile-config-api-2.0.1.jar;C:\Users\Julian\.m2\repository\io\smallrye\common\smallrye-common-expression\1.13.0\smallrye-common-expression-1.13.0.jar;C:\Users\Julian\.m2\repository\io\smallrye\common\smallrye-common-function\1.13.0\smallrye-common-function-1.13.0.jar;C:\Users\Julian\.m2\repository\io\smallrye\common\smallrye-common-classloader\1.13.0\smallrye-common-classloader-1.13.0.jar;C:\Users\Julian\.m2\repository\io\smallrye\config\smallrye-config-common\2.10.1\smallrye-config-common-2.10.1.jar;C:\Users\Julian\.m2\repository\org\jboss\logmanager\jboss-logmanager-embedded\1.0.10\jboss-logmanager-embedded-1.0.10.jar;C:\Users\Julian\.m2\repository\org\jboss\logging\jboss-logging-annotations\2.2.1.Final\jboss-logging-annotations-2.2.1.Final.jar;C:\Users\Julian\.m2\repository\org\jboss\threads\jboss-threads\3.4.2.Final\jboss-threads-3.4.2.Final.jar;C:\Users\Julian\.m2\repository\org\slf4j\slf4j-api\1.7.36\slf4j-api-1.7.36.jar;C:\Users\Julian\.m2\repository\org\jboss\slf4j\slf4j-jboss-logmanager\1.1.0.Final\slf4j-jboss-logmanager-1.1.0.Final.jar;C:\Users\Julian\.m2\repository\org\graalvm\sdk\graal-sdk\22.1.0\graal-sdk-22.1.0.jar;C:\Users\Julian\.m2\repository\org\wildfly\common\wildfly-common\1.5.4.Final-format-001\wildfly-common-1.5.4.Final-format-001.jar;C:\Users\Julian\.m2\repository\io\quarkus\quarkus-bootstrap-runner\2.11.2.Final\quarkus-bootstrap-runner-2.11.2.Final.jar;C:\Users\Julian\.m2\repository\io\quarkus\quarkus-fs-util\0.0.9\quarkus-fs-util-0.0.9.jar;C:\Users\Julian\.m2\repository\org\eclipse\microprofile\context-propagation\microprofile-context-propagation-api\1.2\microprofile-context-propagation-api-1.2.jar;C:\Users\Julian\.m2\repository\io\quarkus\quarkus-resteasy\2.11.2.Final\quarkus-resteasy-2.11.2.Final.jar;C:\Users\Julian\.m2\repository\io\quarkus\quarkus-vertx-http\2.11.2.Final\quarkus-vertx-http-2.11.2.Final.jar;C:\Users\Julian\.m2\repository\io\quarkus\quarkus-security-runtime-spi\2.11.2.Final\quarkus-security-runtime-spi-2.11.2.Final.jar;C:\Users\Julian\.m2\repository\io\quarkus\quarkus-mutiny\2.11.2.Final\quarkus-mutiny-2.11.2.Final.jar;C:\Users\Julian\.m2\repository\io\smallrye\reactive\mutiny\1.6.0\mutiny-1.6.0.jar;C:\Users\Julian\.m2\repository\io\quarkus\quarkus-smallrye-context-propagation\2.11.2.Final\quarkus-smallrye-context-propagation-2.11.2.Final.jar;C:\Users\Julian\.m2\repository\io\smallrye\smallrye-context-propagation\1.2.2\smallrye-context-propagation-1.2.2.jar;C:\Users\Julian\.m2\repository\io\smallrye\smallrye-context-propagation-api\1.2.2\smallrye-context-propagation-api-1.2.2.jar;C:\Users\Julian\.m2\repository\io\smallrye\smallrye-context-propagation-storage\1.2.2\smallrye-context-propagation-storage-1.2.2.jar;C:\Users\Julian\.m2\repository\io\smallrye\reactive\mutiny-smallrye-context-propagation\1.6.0\mutiny-smallrye-context-propagation-1.6.0.jar;C:\Users\Julian\.m2\repository\io\smallrye\common\smallrye-common-vertx-context\1.13.0\smallrye-common-vertx-context-1.13.0.jar;C:\Users\Julian\.m2\repository\io\vertx\vertx-core\4.3.2\vertx-core-4.3.2.jar;C:\Users\Julian\.m2\repository\io\netty\netty-common\4.1.78.Final\netty-common-4.1.78.Final.jar;C:\Users\Julian\.m2\repository\io\netty\netty-buffer\4.1.78.Final\netty-buffer-4.1.78.Final.jar;C:\Users\Julian\.m2\repository\io\netty\netty-transport\4.1.78.Final\netty-transport-4.1.78.Final.jar;C:\Users\Julian\.m2\repository\io\netty\netty-handler\4.1.78.Final\netty-handler-4.1.78.Final.jar;C:\Users\Julian\.m2\repository\io\netty\netty-transport-native-unix-common\4.1.78.Final\netty-transport-native-unix-common-4.1.78.Final.jar;C:\Users\Julian\.m2\repository\io\netty\netty-handler-proxy\4.1.78.Final\netty-handler-proxy-4.1.78.Final.jar;C:\Users\Julian\.m2\repository\io\netty\netty-codec-socks\4.1.78.Final\netty-codec-socks-4.1.78.Final.jar;C:\Users\Julian\.m2\repository\io\netty\netty-codec-http\4.1.78.Final\netty-codec-http-4.1.78.Final.jar;C:\Users\Julian\.m2\repository\io\netty\netty-codec-http2\4.1.78.Final\netty-codec-http2-4.1.78.Final.jar;C:\Users\Julian\.m2\repository\io\netty\netty-resolver\4.1.78.Final\netty-resolver-4.1.78.Final.jar;C:\Users\Julian\.m2\repository\io\netty\netty-resolver-dns\4.1.78.Final\netty-resolver-dns-4.1.78.Final.jar;C:\Users\Julian\.m2\repository\io\netty\netty-codec-dns\4.1.78.Final\netty-codec-dns-4.1.78.Final.jar;C:\Users\Julian\.m2\repository\io\smallrye\common\smallrye-common-constraint\1.13.0\smallrye-common-constraint-1.13.0.jar;C:\Users\Julian\.m2\repository\io\quarkus\quarkus-vertx-http-dev-console-runtime-spi\2.11.2.Final\quarkus-vertx-http-dev-console-runtime-spi-2.11.2.Final.jar;C:\Users\Julian\.m2\repository\io\quarkus\security\quarkus-security\1.1.4.Final\quarkus-security-1.1.4.Final.jar;C:\Users\Julian\.m2\repository\io\quarkus\quarkus-vertx\2.11.2.Final\quarkus-vertx-2.11.2.Final.jar;C:\Users\Julian\.m2\repository\io\quarkus\quarkus-netty\2.11.2.Final\quarkus-netty-2.11.2.Final.jar;C:\Users\Julian\.m2\repository\io\netty\netty-codec\4.1.78.Final\netty-codec-4.1.78.Final.jar;C:\Users\Julian\.m2\repository\com\aayushatharva\brotli4j\brotli4j\1.7.1\brotli4j-1.7.1.jar;C:\Users\Julian\.m2\repository\com\aayushatharva\brotli4j\native-windows-x86_64\1.7.1\native-windows-x86_64-1.7.1.jar;C:\Users\Julian\.m2\repository\io\netty\netty-codec-haproxy\4.1.78.Final\netty-codec-haproxy-4.1.78.Final.jar;C:\Users\Julian\.m2\repository\io\smallrye\common\smallrye-common-annotation\1.13.0\smallrye-common-annotation-1.13.0.jar;C:\Users\Julian\.m2\repository\io\quarkus\quarkus-vertx-latebound-mdc-provider\2.11.2.Final\quarkus-vertx-latebound-mdc-provider-2.11.2.Final.jar;C:\Users\Julian\.m2\repository\io\smallrye\reactive\smallrye-mutiny-vertx-core\2.24.1\smallrye-mutiny-vertx-core-2.24.1.jar;C:\Users\Julian\.m2\repository\io\smallrye\reactive\smallrye-mutiny-vertx-runtime\2.24.1\smallrye-mutiny-vertx-runtime-2.24.1.jar;C:\Users\Julian\.m2\repository\io\smallrye\reactive\vertx-mutiny-generator\2.24.1\vertx-mutiny-generator-2.24.1.jar;C:\Users\Julian\.m2\repository\io\vertx\vertx-codegen\4.3.2\vertx-codegen-4.3.2.jar;C:\Users\Julian\.m2\repository\io\smallrye\smallrye-fault-tolerance-vertx\5.5.0\smallrye-fault-tolerance-vertx-5.5.0.jar;C:\Users\Julian\.m2\repository\io\smallrye\reactive\smallrye-mutiny-vertx-web\2.24.1\smallrye-mutiny-vertx-web-2.24.1.jar;C:\Users\Julian\.m2\repository\io\smallrye\reactive\smallrye-mutiny-vertx-web-common\2.24.1\smallrye-mutiny-vertx-web-common-2.24.1.jar;C:\Users\Julian\.m2\repository\io\smallrye\reactive\smallrye-mutiny-vertx-auth-common\2.24.1\smallrye-mutiny-vertx-auth-common-2.24.1.jar;C:\Users\Julian\.m2\repository\io\smallrye\reactive\smallrye-mutiny-vertx-bridge-common\2.24.1\smallrye-mutiny-vertx-bridge-common-2.24.1.jar;C:\Users\Julian\.m2\repository\io\smallrye\reactive\smallrye-mutiny-vertx-uri-template\2.24.1\smallrye-mutiny-vertx-uri-template-2.24.1.jar;C:\Users\Julian\.m2\repository\io\vertx\vertx-uri-template\4.3.2\vertx-uri-template-4.3.2.jar;C:\Users\Julian\.m2\repository\io\vertx\vertx-web\4.3.2\vertx-web-4.3.2.jar;C:\Users\Julian\.m2\repository\io\vertx\vertx-web-common\4.3.2\vertx-web-common-4.3.2.jar;C:\Users\Julian\.m2\repository\io\vertx\vertx-auth-common\4.3.2\vertx-auth-common-4.3.2.jar;C:\Users\Julian\.m2\repository\io\vertx\vertx-bridge-common\4.3.2\vertx-bridge-common-4.3.2.jar;C:\Users\Julian\.m2\repository\io\github\crac\org-crac\0.1.1\org-crac-0.1.1.jar;C:\Users\Julian\.m2\repository\io\quarkus\quarkus-resteasy-server-common\2.11.2.Final\quarkus-resteasy-server-common-2.11.2.Final.jar;C:\Users\Julian\.m2\repository\io\quarkus\quarkus-resteasy-common\2.11.2.Final\quarkus-resteasy-common-2.11.2.Final.jar;C:\Users\Julian\.m2\repository\org\jboss\resteasy\resteasy-core\4.7.5.Final\resteasy-core-4.7.5.Final.jar;C:\Users\Julian\.m2\repository\org\jboss\spec\javax\ws\rs\jboss-jaxrs-api_2.1_spec\2.0.1.Final\jboss-jaxrs-api_2.1_spec-2.0.1.Final.jar;C:\Users\Julian\.m2\repository\org\jboss\resteasy\resteasy-core-spi\4.7.5.Final\resteasy-core-spi-4.7.5.Final.jar;C:\Users\Julian\.m2\repository\com\ibm\async\asyncutil\0.1.0\asyncutil-0.1.0.jar;C:\Users\Julian\.m2\repository\com\sun\activation\jakarta.activation\1.2.1\jakarta.activation-1.2.1.jar;C:\Users\Julian\.m2\repository\jakarta\validation\jakarta.validation-api\2.0.2\jakarta.validation-api-2.0.2.jar;C:\Users\Julian\.m2\repository\io\quarkus\quarkus-agroal\2.11.2.Final\quarkus-agroal-2.11.2.Final.jar;C:\Users\Julian\.m2\repository\io\quarkus\quarkus-datasource\2.11.2.Final\quarkus-datasource-2.11.2.Final.jar;C:\Users\Julian\.m2\repository\io\quarkus\quarkus-datasource-common\2.11.2.Final\quarkus-datasource-common-2.11.2.Final.jar;C:\Users\Julian\.m2\repository\io\quarkus\quarkus-narayana-jta\2.11.2.Final\quarkus-narayana-jta-2.11.2.Final.jar;C:\Users\Julian\.m2\repository\io\quarkus\quarkus-transaction-annotations\2.11.2.Final\quarkus-transaction-annotations-2.11.2.Final.jar;C:\Users\Julian\.m2\repository\io\smallrye\smallrye-context-propagation-jta\1.2.2\smallrye-context-propagation-jta-1.2.2.jar;C:\Users\Julian\.m2\repository\io\smallrye\reactive\smallrye-reactive-converter-api\2.7.0\smallrye-reactive-converter-api-2.7.0.jar;C:\Users\Julian\.m2\repository\org\reactivestreams\reactive-streams\1.0.3\reactive-streams-1.0.3.jar;C:\Users\Julian\.m2\repository\io\smallrye\reactive\smallrye-reactive-converter-mutiny\2.7.0\smallrye-reactive-converter-mutiny-2.7.0.jar;C:\Users\Julian\.m2\repository\org\jboss\narayana\jta\narayana-jta\5.12.6.Final\narayana-jta-5.12.6.Final.jar;C:\Users\Julian\.m2\repository\org\jboss\spec\javax\resource\jboss-connector-api_1.7_spec\1.0.0.Final\jboss-connector-api_1.7_spec-1.0.0.Final.jar;C:\Users\Julian\.m2\repository\org\jboss\narayana\jts\narayana-jts-integration\5.12.6.Final\narayana-jts-integration-5.12.6.Final.jar;C:\Users\Julian\.m2\repository\io\agroal\agroal-api\1.16\agroal-api-1.16.jar;C:\Users\Julian\.m2\repository\io\agroal\agroal-narayana\1.16\agroal-narayana-1.16.jar;C:\Users\Julian\.m2\repository\org\jboss\jboss-transaction-spi\7.6.0.Final\jboss-transaction-spi-7.6.0.Final.jar;C:\Users\Julian\.m2\repository\io\agroal\agroal-pool\1.16\agroal-pool-1.16.jar;C:\Users\Julian\.m2\repository\io\quarkus\quarkus-credentials\2.11.2.Final\quarkus-credentials-2.11.2.Final.jar;C:\Users\Julian\.m2\repository\io\quarkus\quarkus-hibernate-orm-panache\2.11.2.Final\quarkus-hibernate-orm-panache-2.11.2.Final.jar;C:\Users\Julian\.m2\repository\io\quarkus\quarkus-hibernate-orm\2.11.2.Final\quarkus-hibernate-orm-2.11.2.Final.jar;C:\Users\Julian\.m2\repository\org\hibernate\hibernate-core\5.6.10.Final\hibernate-core-5.6.10.Final.jar;C:\Users\Julian\.m2\repository\net\bytebuddy\byte-buddy\1.12.9\byte-buddy-1.12.9.jar;C:\Users\Julian\.m2\repository\antlr\antlr\2.7.7\antlr-2.7.7.jar;C:\Users\Julian\.m2\repository\com\fasterxml\classmate\1.5.1\classmate-1.5.1.jar;C:\Users\Julian\.m2\repository\org\hibernate\common\hibernate-commons-annotations\5.1.2.Final\hibernate-commons-annotations-5.1.2.Final.jar;C:\Users\Julian\.m2\repository\org\hibernate\hibernate-graalvm\5.6.10.Final\hibernate-graalvm-5.6.10.Final.jar;C:\Users\Julian\.m2\repository\org\glassfish\jaxb\jaxb-runtime\2.3.3-b02\jaxb-runtime-2.3.3-b02.jar;C:\Users\Julian\.m2\repository\org\glassfish\jaxb\txw2\2.3.3-b02\txw2-2.3.3-b02.jar;C:\Users\Julian\.m2\repository\com\sun\istack\istack-commons-runtime\3.0.10\istack-commons-runtime-3.0.10.jar;C:\Users\Julian\.m2\repository\jakarta\persistence\jakarta.persistence-api\2.2.3\jakarta.persistence-api-2.2.3.jar;C:\Users\Julian\.m2\repository\org\hibernate\quarkus-local-cache\0.1.1\quarkus-local-cache-0.1.1.jar;C:\Users\Julian\.m2\repository\io\quarkus\quarkus-caffeine\2.11.2.Final\quarkus-caffeine-2.11.2.Final.jar;C:\Users\Julian\.m2\repository\com\github\ben-manes\caffeine\caffeine\2.9.3\caffeine-2.9.3.jar;C:\Users\Julian\.m2\repository\com\google\errorprone\error_prone_annotations\2.14.0\error_prone_annotations-2.14.0.jar;C:\Users\Julian\.m2\repository\io\quarkus\quarkus-hibernate-orm-panache-common\2.11.2.Final\quarkus-hibernate-orm-panache-common-2.11.2.Final.jar;C:\Users\Julian\.m2\repository\io\quarkus\quarkus-panache-hibernate-common\2.11.2.Final\quarkus-panache-hibernate-common-2.11.2.Final.jar;C:\Users\Julian\.m2\repository\io\quarkus\quarkus-panache-common\2.11.2.Final\quarkus-panache-common-2.11.2.Final.jar;C:\Users\Julian\.m2\repository\io\quarkus\quarkus-jdbc-postgresql\2.11.2.Final\quarkus-jdbc-postgresql-2.11.2.Final.jar;C:\Users\Julian\.m2\repository\org\postgresql\postgresql\42.4.0\postgresql-42.4.0.jar;C:\Users\Julian\.m2\repository\io\quarkus\quarkus-resteasy-jackson\2.11.2.Final\quarkus-resteasy-jackson-2.11.2.Final.jar;C:\Users\Julian\.m2\repository\io\quarkus\quarkus-jackson\2.11.2.Final\quarkus-jackson-2.11.2.Final.jar;C:\Users\Julian\.m2\repository\com\fasterxml\jackson\core\jackson-databind\2.13.3\jackson-databind-2.13.3.jar;C:\Users\Julian\.m2\repository\com\fasterxml\jackson\datatype\jackson-datatype-jsr310\2.13.3\jackson-datatype-jsr310-2.13.3.jar;C:\Users\Julian\.m2\repository\com\fasterxml\jackson\datatype\jackson-datatype-jdk8\2.13.3\jackson-datatype-jdk8-2.13.3.jar;C:\Users\Julian\.m2\repository\com\fasterxml\jackson\module\jackson-module-parameter-names\2.13.3\jackson-module-parameter-names-2.13.3.jar;C:\Users\Julian\.m2\repository\org\jboss\resteasy\resteasy-jackson2-provider\4.7.5.Final\resteasy-jackson2-provider-4.7.5.Final.jar;C:\Users\Julian\.m2\repository\com\fasterxml\jackson\core\jackson-core\2.13.3\jackson-core-2.13.3.jar;C:\Users\Julian\.m2\repository\com\fasterxml\jackson\core\jackson-annotations\2.13.3\jackson-annotations-2.13.3.jar;C:\Users\Julian\.m2\repository\com\fasterxml\jackson\jaxrs\jackson-jaxrs-json-provider\2.13.3\jackson-jaxrs-json-provider-2.13.3.jar;C:\Users\Julian\.m2\repository\com\fasterxml\jackson\jaxrs\jackson-jaxrs-base\2.13.3\jackson-jaxrs-base-2.13.3.jar;C:\Users\Julian\.m2\repository\com\fasterxml\jackson\module\jackson-module-jaxb-annotations\2.13.3\jackson-module-jaxb-annotations-2.13.3.jar;C:\Users\Julian\.m2\repository\com\github\java-json-tools\json-patch\1.13\json-patch-1.13.jar;C:\Users\Julian\.m2\repository\com\github\java-json-tools\msg-simple\1.2\msg-simple-1.2.jar;C:\Users\Julian\.m2\repository\com\github\java-json-tools\btf\1.3\btf-1.3.jar;C:\Users\Julian\.m2\repository\com\github\java-json-tools\jackson-coreutils\2.0\jackson-coreutils-2.0.jar;C:\Users\Julian\.m2\repository\org\jboss\spec\javax\xml\bind\jboss-jaxb-api_2.3_spec\2.0.0.Final\jboss-jaxb-api_2.3_spec-2.0.0.Final.jar;C:\Users\Julian\.m2\repository\io\quarkus\quarkus-junit5\2.11.2.Final\quarkus-junit5-2.11.2.Final.jar;C:\Users\Julian\.m2\repository\io\quarkus\quarkus-bootstrap-core\2.11.2.Final\quarkus-bootstrap-core-2.11.2.Final.jar;C:\Users\Julian\.m2\repository\io\quarkus\quarkus-bootstrap-app-model\2.11.2.Final\quarkus-bootstrap-app-model-2.11.2.Final.jar;C:\Users\Julian\.m2\repository\io\quarkus\quarkus-bootstrap-maven-resolver\2.11.2.Final\quarkus-bootstrap-maven-resolver-2.11.2.Final.jar;C:\Users\Julian\.m2\repository\org\apache\maven\maven-embedder\3.8.6\maven-embedder-3.8.6.jar;C:\Users\Julian\.m2\repository\org\apache\maven\maven-settings\3.8.6\maven-settings-3.8.6.jar;C:\Users\Julian\.m2\repository\org\apache\maven\maven-core\3.8.6\maven-core-3.8.6.jar;C:\Users\Julian\.m2\repository\org\apache\maven\maven-artifact\3.8.6\maven-artifact-3.8.6.jar;C:\Users\Julian\.m2\repository\org\codehaus\plexus\plexus-component-annotations\2.1.0\plexus-component-annotations-2.1.0.jar;C:\Users\Julian\.m2\repository\org\apache\maven\maven-plugin-api\3.8.6\maven-plugin-api-3.8.6.jar;C:\Users\Julian\.m2\repository\org\apache\maven\maven-model\3.8.6\maven-model-3.8.6.jar;C:\Users\Julian\.m2\repository\org\apache\maven\maven-model-builder\3.8.6\maven-model-builder-3.8.6.jar;C:\Users\Julian\.m2\repository\org\apache\maven\maven-builder-support\3.8.6\maven-builder-support-3.8.6.jar;C:\Users\Julian\.m2\repository\org\apache\maven\resolver\maven-resolver-api\1.6.3\maven-resolver-api-1.6.3.jar;C:\Users\Julian\.m2\repository\org\apache\maven\resolver\maven-resolver-util\1.6.3\maven-resolver-util-1.6.3.jar;C:\Users\Julian\.m2\repository\org\apache\maven\shared\maven-shared-utils\3.3.4\maven-shared-utils-3.3.4.jar;C:\Users\Julian\.m2\repository\commons-io\commons-io\2.11.0\commons-io-2.11.0.jar;C:\Users\Julian\.m2\repository\com\google\inject\guice\4.2.2\guice-4.2.2-no_aop.jar;C:\Users\Julian\.m2\repository\com\google\guava\guava\31.1-jre\guava-31.1-jre.jar;C:\Users\Julian\.m2\repository\com\google\guava\failureaccess\1.0.1\failureaccess-1.0.1.jar;C:\Users\Julian\.m2\repository\org\codehaus\plexus\plexus-classworlds\2.6.0\plexus-classworlds-2.6.0.jar;C:\Users\Julian\.m2\repository\org\codehaus\plexus\plexus-sec-dispatcher\2.0\plexus-sec-dispatcher-2.0.jar;C:\Users\Julian\.m2\repository\org\codehaus\plexus\plexus-cipher\2.0\plexus-cipher-2.0.jar;C:\Users\Julian\.m2\repository\commons-cli\commons-cli\1.4\commons-cli-1.4.jar;C:\Users\Julian\.m2\repository\org\eclipse\sisu\org.eclipse.sisu.plexus\0.3.5\org.eclipse.sisu.plexus-0.3.5.jar;C:\Users\Julian\.m2\repository\org\apache\maven\maven-settings-builder\3.8.6\maven-settings-builder-3.8.6.jar;C:\Users\Julian\.m2\repository\org\codehaus\plexus\plexus-interpolation\1.26\plexus-interpolation-1.26.jar;C:\Users\Julian\.m2\repository\org\apache\maven\maven-resolver-provider\3.8.6\maven-resolver-provider-3.8.6.jar;C:\Users\Julian\.m2\repository\org\apache\maven\maven-repository-metadata\3.8.6\maven-repository-metadata-3.8.6.jar;C:\Users\Julian\.m2\repository\org\apache\maven\resolver\maven-resolver-spi\1.6.3\maven-resolver-spi-1.6.3.jar;C:\Users\Julian\.m2\repository\org\apache\maven\resolver\maven-resolver-impl\1.6.3\maven-resolver-impl-1.6.3.jar;C:\Users\Julian\.m2\repository\org\codehaus\plexus\plexus-utils\3.3.0\plexus-utils-3.3.0.jar;C:\Users\Julian\.m2\repository\org\apache\maven\resolver\maven-resolver-connector-basic\1.6.3\maven-resolver-connector-basic-1.6.3.jar;C:\Users\Julian\.m2\repository\org\apache\maven\resolver\maven-resolver-transport-wagon\1.6.3\maven-resolver-transport-wagon-1.6.3.jar;C:\Users\Julian\.m2\repository\org\apache\maven\wagon\wagon-http\3.5.1\wagon-http-3.5.1.jar;C:\Users\Julian\.m2\repository\org\apache\maven\wagon\wagon-http-shared\3.5.1\wagon-http-shared-3.5.1.jar;C:\Users\Julian\.m2\repository\org\apache\maven\wagon\wagon-provider-api\3.5.1\wagon-provider-api-3.5.1.jar;C:\Users\Julian\.m2\repository\org\apache\maven\wagon\wagon-file\3.5.1\wagon-file-3.5.1.jar;C:\Users\Julian\.m2\repository\io\quarkus\quarkus-bootstrap-gradle-resolver\2.11.2.Final\quarkus-bootstrap-gradle-resolver-2.11.2.Final.jar;C:\Users\Julian\.m2\repository\io\smallrye\common\smallrye-common-io\1.13.0\smallrye-common-io-1.13.0.jar;C:\Users\Julian\.m2\repository\org\eclipse\sisu\org.eclipse.sisu.inject\0.3.5\org.eclipse.sisu.inject-0.3.5.jar;C:\Users\Julian\.m2\repository\io\quarkus\quarkus-test-common\2.11.2.Final\quarkus-test-common-2.11.2.Final.jar;C:\Users\Julian\.m2\repository\io\quarkus\quarkus-core-deployment\2.11.2.Final\quarkus-core-deployment-2.11.2.Final.jar;C:\Users\Julian\.m2\repository\org\aesh\readline\2.2\readline-2.2.jar;C:\Users\Julian\.m2\repository\org\fusesource\jansi\jansi\1.18\jansi-1.18.jar;C:\Users\Julian\.m2\repository\org\aesh\aesh\2.6\aesh-2.6.jar;C:\Users\Julian\.m2\repository\io\quarkus\gizmo\gizmo\1.0.11.Final\gizmo-1.0.11.Final.jar;C:\Users\Julian\.m2\repository\org\ow2\asm\asm-util\9.3\asm-util-9.3.jar;C:\Users\Julian\.m2\repository\org\ow2\asm\asm\9.3\asm-9.3.jar;C:\Users\Julian\.m2\repository\org\ow2\asm\asm-commons\9.3\asm-commons-9.3.jar;C:\Users\Julian\.m2\repository\org\ow2\asm\asm-tree\9.3\asm-tree-9.3.jar;C:\Users\Julian\.m2\repository\org\ow2\asm\asm-analysis\9.3\asm-analysis-9.3.jar;C:\Users\Julian\.m2\repository\io\quarkus\quarkus-class-change-agent\2.11.2.Final\quarkus-class-change-agent-2.11.2.Final.jar;C:\Users\Julian\.m2\repository\io\quarkus\quarkus-devtools-utilities\2.11.2.Final\quarkus-devtools-utilities-2.11.2.Final.jar;C:\Users\Julian\.m2\repository\io\quarkus\quarkus-builder\2.11.2.Final\quarkus-builder-2.11.2.Final.jar;C:\Users\Julian\.m2\repository\org\junit\platform\junit-platform-launcher\1.8.2\junit-platform-launcher-1.8.2.jar;C:\Users\Julian\.m2\repository\org\jboss\jandex\2.4.3.Final\jandex-2.4.3.Final.jar;C:\Users\Julian\.m2\repository\org\jboss\logging\commons-logging-jboss-logging\1.0.0.Final\commons-logging-jboss-logging-1.0.0.Final.jar;C:\Users\Julian\.m2\repository\io\quarkus\quarkus-junit5-properties\2.11.2.Final\quarkus-junit5-properties-2.11.2.Final.jar;C:\Users\Julian\.m2\repository\org\junit\jupiter\junit-jupiter\5.8.2\junit-jupiter-5.8.2.jar;C:\Users\Julian\.m2\repository\org\junit\jupiter\junit-jupiter-api\5.8.2\junit-jupiter-api-5.8.2.jar;C:\Users\Julian\.m2\repository\org\opentest4j\opentest4j\1.2.0\opentest4j-1.2.0.jar;C:\Users\Julian\.m2\repository\org\junit\platform\junit-platform-commons\1.8.2\junit-platform-commons-1.8.2.jar;C:\Users\Julian\.m2\repository\org\apiguardian\apiguardian-api\1.1.2\apiguardian-api-1.1.2.jar;C:\Users\Julian\.m2\repository\org\junit\jupiter\junit-jupiter-params\5.8.2\junit-jupiter-params-5.8.2.jar;C:\Users\Julian\.m2\repository\org\junit\jupiter\junit-jupiter-engine\5.8.2\junit-jupiter-engine-5.8.2.jar;C:\Users\Julian\.m2\repository\org\junit\platform\junit-platform-engine\1.8.2\junit-platform-engine-1.8.2.jar;C:\Users\Julian\.m2\repository\com\thoughtworks\xstream\xstream\1.4.19\xstream-1.4.19.jar;C:\Users\Julian\.m2\repository\io\github\x-stream\mxparser\1.2.2\mxparser-1.2.2.jar;C:\Users\Julian\.m2\repository\xmlpull\xmlpull\1.1.3.1\xmlpull-1.1.3.1.jar;C:\Users\Julian\.m2\repository\io\rest-assured\rest-assured\4.5.1\rest-assured-4.5.1.jar;C:\Users\Julian\.m2\repository\org\codehaus\groovy\groovy\3.0.9\groovy-3.0.9.jar;C:\Users\Julian\.m2\repository\org\codehaus\groovy\groovy-xml\3.0.9\groovy-xml-3.0.9.jar;C:\Users\Julian\.m2\repository\org\apache\httpcomponents\httpclient\4.5.13\httpclient-4.5.13.jar;C:\Users\Julian\.m2\repository\org\apache\httpcomponents\httpcore\4.4.15\httpcore-4.4.15.jar;C:\Users\Julian\.m2\repository\commons-codec\commons-codec\1.15\commons-codec-1.15.jar;C:\Users\Julian\.m2\repository\org\apache\httpcomponents\httpmime\4.5.13\httpmime-4.5.13.jar;C:\Users\Julian\.m2\repository\org\hamcrest\hamcrest\2.1\hamcrest-2.1.jar;C:\Users\Julian\.m2\repository\org\ccil\cowan\tagsoup\tagsoup\1.2.1\tagsoup-1.2.1.jar;C:\Users\Julian\.m2\repository\io\rest-assured\json-path\4.5.1\json-path-4.5.1.jar;C:\Users\Julian\.m2\repository\org\codehaus\groovy\groovy-json\3.0.9\groovy-json-3.0.9.jar;C:\Users\Julian\.m2\repository\io\rest-assured\rest-assured-common\4.5.1\rest-assured-common-4.5.1.jar;C:\Users\Julian\.m2\repository\io\rest-assured\xml-path\4.5.1\xml-path-4.5.1.jar;C:\Users\Julian\.m2\repository\org\apache\commons\commons-lang3\3.12.0\commons-lang3-3.12.0.jar;"/>
    <property name="sun.cpu.endian" value="little"/>
    <property name="user.home" value="C:\Users\Julian"/>
    <property name="user.language" value="es"/>
    <property name="java.specification.vendor" value="Oracle Corporation"/>
    <property name="io.netty.allocator.maxOrder" value="3"/>
    <property name="java.version.date" value="2022-04-19"/>
    <property name="java.home" value="C:\Program Files\Java\jdk-11.0.15"/>
    <property name="file.separator" value="\"/>
    <property name="basedir" value="C:\Users\Julian\Desktop\code-with-quarkus"/>
    <property name="java.vm.compressedOopsMode" value="32-bit"/>
    <property name="line.separator" value="&#10;"/>
    <property name="java.specification.name" value="Java Platform API Specification"/>
    <property name="java.vm.specification.vendor" value="Oracle Corporation"/>
    <property name="java.awt.graphicsenv" value="sun.awt.Win32GraphicsEnvironment"/>
    <property name="surefire.real.class.path" value="C:\Users\Julian\AppData\Local\Temp\surefire3225495723119820062\surefirebooter-20220814201212971_3.jar"/>
    <property name="user.script" value=""/>
    <property name="sun.management.compiler" value="HotSpot 64-Bit Tiered Compilers"/>
    <property name="java.runtime.version" value="11.0.15+8-LTS-149"/>
    <property name="user.name" value="julia"/>
    <property name="path.separator" value=";"/>
    <property name="os.version" value="10.0"/>
    <property name="java.runtime.name" value="Java(TM) SE Runtime Environment"/>
    <property name="file.encoding" value="Cp1252"/>
    <property name="java.vm.name" value="Java HotSpot(TM) 64-Bit Server VM"/>
    <property name="java.vendor.version" value="18.9"/>
    <property name="localRepository" value="C:\Users\Julian\.m2\repository"/>
    <property name="java.vendor.url.bug" value="https://bugreport.java.com/bugreport/"/>
    <property name="java.io.tmpdir" value="C:\Users\Julian\AppData\Local\Temp\"/>
    <property name="quarkus.log.file.path" value="target\quarkus.log"/>
    <property name="java.version" value="11.0.15"/>
    <property name="java.util.concurrent.ForkJoinPool.common.threadFactory" value="io.quarkus.bootstrap.forkjoin.QuarkusForkJoinWorkerThreadFactory"/>
    <property name="user.dir" value="C:\Users\Julian\Desktop\code-with-quarkus"/>
    <property name="os.arch" value="amd64"/>
    <property name="hibernate.bytecode.provider" value="none"/>
    <property name="java.vm.specification.name" value="Java Virtual Machine Specification"/>
    <property name="vertx.disableDnsResolver" value="true"/>
    <property name="java.awt.printerjob" value="sun.awt.windows.WPrinterJob"/>
    <property name="sun.os.patch.level" value=""/>
    <property name="java.util.logging.manager" value="org.jboss.logmanager.LogManager"/>
    <property name="java.library.path" value="C:\Program Files\Java\jdk-11.0.15\bin;C:\WINDOWS\Sun\Java\bin;C:\WINDOWS\system32;C:\WINDOWS;C:\Program Files\Common Files\Oracle\Java\javapath;C:\Program Files (x86)\Common Files\Oracle\Java\javapath;C:\WINDOWS\system32;C:\WINDOWS;C:\WINDOWS\System32\Wbem;C:\WINDOWS\System32\WindowsPowerShell\v1.0\;C:\WINDOWS\System32\OpenSSH\;C:\Program Files\Git\cmd;C:\Program Files (x86)\Microsoft SQL Server\150\DTS\Binn\;C:\Program Files\Azure Data Studio\bin;C:\Program Files\dotnet\;C:\Program Files (x86)\dotnet\;C:\Program Files\nodejs\;C:\ProgramData\chocolatey\bin;C:\Program Files\Amazon\AWSCLIV2\;C:\Users\Julian\.jbang\bin;C:\Users\Julian\AppData\Local\activestate\cache\bin;C:\Users\Julian\AppData\Local\ActiveState\StateTool\release\bin;C:\Program Files\Java\jdk1.8.0_311\bin;C:\Program Files\apache-maven-3.8.2\bin;C:\Program Files\Azure Data Studio\bin;C:\Program Files\JetBrains\IntelliJ IDEA Community Edition 2021.2.2\bin;;C:\Users\Julian\AppData\Local\Microsoft\WindowsApps;C:\Users\Julian\AppData\Local\Programs\Microsoft VS Code\bin;C:\Program Files\heroku\bin;;C:\Program Files\JetBrains\IntelliJ IDEA 2021.3.2\bin;;C:\Users\Julian\AppData\Roaming\npm;."/>
    <property name="java.vendor" value="Oracle Corporation"/>
    <property name="java.vm.info" value="mixed mode"/>
    <property name="vertx.disableTCCL" value="true"/>
    <property name="java.vm.version" value="11.0.15+8-LTS-149"/>
    <property name="sun.io.unicode.encoding" value="UnicodeLittle"/>
    <property name="io.netty.machineId" value="51:ea:9b:a8:1d:6a:fe:09"/>
    <property name="java.class.version" value="55.0"/>
  </properties>
  <testcase name="testHelloEndpoint" classname="org.acme.GreetingResourceTest" time="2.015">
    <system-out><![CDATA[2022-08-14 20:12:20,870 INFO  [org.jbo.threads] (main) JBoss Threads version 3.4.2.Final
2022-08-14 20:12:22,474 INFO  [io.qua.arc.pro.BeanProcessor] (build-48) Found unrecommended usage of private members (use package-private instead) in application beans:
	- @Inject field org.acme.controller.PersonResource#personRepository
2022-08-14 20:12:30,580 INFO  [io.quarkus] (main) code-with-quarkus 1.0.0-SNAPSHOT on JVM (powered by Quarkus 2.11.2.Final) started in 11.127s. Listening on: http://localhost:8081
2022-08-14 20:12:30,584 INFO  [io.quarkus] (main) Profile test activated. 
2022-08-14 20:12:30,584 INFO  [io.quarkus] (main) Installed features: [agroal, cdi, hibernate-orm, hibernate-orm-panache, jdbc-postgresql, narayana-jta, resteasy, resteasy-jackson, smallrye-context-propagation, vertx]
]]></system-out>
  </testcase>
</testsuite>